Using pre-set license
Built from 'master' branch; Version is '2020.3.36f1 (71f96b79b9f0) revision 7469419'; Using compiler version '192528614'; Build Type 'Release'
OS: 'Windows 10  (10.0.19042) 64bit Professional' Language: 'es' Physical Memory: 16336 MB
BatchMode: 1, IsHumanControllingUs: 0, StartBugReporterOnCrash: 0, Is64bit: 1, IsPro: 0

COMMAND LINE ARGUMENTS:
C:\Program Files\Unity\Hub\Editor\2020.3.36f1\Editor\Unity.exe
-adb2
-batchMode
-noUpm
-name
AssetImportWorker0
-projectPath
C:/Users/Elisa/Desktop/image/FINAL PROGRMACIÓN/git/FINAL_V1/TSAV_FDP_FINAL_GONDAELISA
-logFile
Logs/AssetImportWorker0.log
-srvPort
63610
Successfully changed project path to: C:/Users/Elisa/Desktop/image/FINAL PROGRMACIÓN/git/FINAL_V1/TSAV_FDP_FINAL_GONDAELISA
C:/Users/Elisa/Desktop/image/FINAL PROGRMACIÓN/git/FINAL_V1/TSAV_FDP_FINAL_GONDAELISA
Using Asset Import Pipeline V2.
Refreshing native plugins compatible for Editor in 66.50 ms, found 2 plugins.
Preloading 0 native plugins for Editor in 0.00 ms.
Initialize engine version: 2020.3.36f1 (71f96b79b9f0)
[Subsystems] Discovering subsystems at path C:/Program Files/Unity/Hub/Editor/2020.3.36f1/Editor/Data/Resources/UnitySubsystems
[Subsystems] Discovering subsystems at path C:/Users/Elisa/Desktop/image/FINAL PROGRMACIÓN/git/FINAL_V1/TSAV_FDP_FINAL_GONDAELISA/Assets
GfxDevice: creating device client; threaded=0
Direct3D:
    Version:  Direct3D 11.0 [level 11.1]
    Renderer: NVIDIA GeForce GTX 1650 (ID=0x1f82)
    Vendor:   
    VRAM:     3962 MB
    Driver:   30.0.14.7168
Initialize mono
Mono path[0] = 'C:/Program Files/Unity/Hub/Editor/2020.3.36f1/Editor/Data/Managed'
Mono path[1] = 'C:/Program Files/Unity/Hub/Editor/2020.3.36f1/Editor/Data/MonoBleedingEdge/lib/mono/unityjit'
Mono config path = 'C:/Program Files/Unity/Hub/Editor/2020.3.36f1/Editor/Data/MonoBleedingEdge/etc'
Using monoOptions --debugger-agent=transport=dt_socket,embedding=1,server=y,suspend=n,address=127.0.0.1:56484
Begin MonoManager ReloadAssembly
Registering precompiled unity dll's ...
Register platform support module: C:/Program Files/Unity/Hub/Editor/2020.3.36f1/Editor/Data/PlaybackEngines/WindowsStandaloneSupport/UnityEditor.WindowsStandalone.Extensions.dll
Registered in 0.001022 seconds.
Native extension for WindowsStandalone target not found
Refreshing native plugins compatible for Editor in 74.82 ms, found 2 plugins.
Preloading 0 native plugins for Editor in 0.00 ms.
Mono: successfully reloaded assembly
- Completed reload, in  0.619 seconds
Domain Reload Profiling:
	ReloadAssembly (619ms)
		BeginReloadAssembly (62ms)
			ExecutionOrderSort (0ms)
			DisableScriptedObjects (0ms)
			BackupInstance (0ms)
			ReleaseScriptingObjects (0ms)
			CreateAndSetChildDomain (1ms)
		EndReloadAssembly (490ms)
			LoadAssemblies (61ms)
			RebuildTransferFunctionScriptingTraits (0ms)
			SetupTypeCache (152ms)
			ReleaseScriptCaches (0ms)
			RebuildScriptCaches (33ms)
			SetupLoadedEditorAssemblies (204ms)
				LogAssemblyErrors (0ms)
				InitializePlatformSupportModulesInManaged (4ms)
				SetLoadedEditorAssemblies (1ms)
				RefreshPlugins (75ms)
				BeforeProcessingInitializeOnLoad (16ms)
				ProcessInitializeOnLoadAttributes (80ms)
				ProcessInitializeOnLoadMethodAttributes (28ms)
				AfterProcessingInitializeOnLoad (0ms)
				EditorAssembliesLoaded (0ms)
			ExecutionOrderSort2 (0ms)
			AwakeInstancesAfterBackupRestoration (0ms)
Platform modules already initialized, skipping
Registering precompiled user dll's ...
Registered in 0.002578 seconds.
Begin MonoManager ReloadAssembly
Native extension for WindowsStandalone target not found
Refreshing native plugins compatible for Editor in 69.32 ms, found 2 plugins.
Preloading 0 native plugins for Editor in 0.00 ms.
Mono: successfully reloaded assembly
- Completed reload, in  1.603 seconds
Domain Reload Profiling:
	ReloadAssembly (1604ms)
		BeginReloadAssembly (163ms)
			ExecutionOrderSort (0ms)
			DisableScriptedObjects (4ms)
			BackupInstance (0ms)
			ReleaseScriptingObjects (0ms)
			CreateAndSetChildDomain (32ms)
		EndReloadAssembly (1387ms)
			LoadAssemblies (99ms)
			RebuildTransferFunctionScriptingTraits (0ms)
			SetupTypeCache (335ms)
			ReleaseScriptCaches (1ms)
			RebuildScriptCaches (61ms)
			SetupLoadedEditorAssemblies (784ms)
				LogAssemblyErrors (0ms)
				InitializePlatformSupportModulesInManaged (3ms)
				SetLoadedEditorAssemblies (0ms)
				RefreshPlugins (69ms)
				BeforeProcessingInitializeOnLoad (100ms)
				ProcessInitializeOnLoadAttributes (594ms)
				ProcessInitializeOnLoadMethodAttributes (14ms)
				AfterProcessingInitializeOnLoad (3ms)
				EditorAssembliesLoaded (0ms)
			ExecutionOrderSort2 (0ms)
			AwakeInstancesAfterBackupRestoration (2ms)
Platform modules already initialized, skipping
========================================================================
Worker process is ready to serve import requests
Launched and connected shader compiler UnityShaderCompiler.exe after 0.04 seconds
Refreshing native plugins compatible for Editor in 1.03 ms, found 2 plugins.
Preloading 0 native plugins for Editor in 0.00 ms.
Unloading 3556 Unused Serialized files (Serialized files now loaded: 0)
System memory in use before: 178.9 MB.
System memory in use after: 178.9 MB.

Unloading 30 unused Assets to reduce memory usage. Loaded Objects now: 4025.
Total: 4.075100 ms (FindLiveObjects: 0.279000 ms CreateObjectMapping: 0.210400 ms MarkObjects: 3.371700 ms  DeleteObjects: 0.212900 ms)

AssetImportParameters requested are different than current active one (requested -> active):
  custom:framework-win-MediaFoundation: 216162199b28c13a410421893ffa2e32 -> 
  custom:video-decoder-ogg-theora: a1e56fd34408186e4bbccfd4996cb3dc -> 
  custom:container-muxer-webm: aa71ff27fc2769a1b78a27578f13a17b -> 
  custom:container-demuxer-webm: 4f35f7cbe854078d1ac9338744f61a02 -> 
  custom:container-demuxer-ogg: 62fdf1f143b41e24485cea50d1cbac27 -> 
  custom:video-encoder-webm-vp8: eb34c28f22e8b96e1ab97ce403110664 -> 
  custom:video-decoder-webm-vp8: 9c59270c3fd7afecdb556c50c9e8de78 -> 
  custom:audio-decoder-ogg-vorbis: bf7c407c2cedff20999df2af8eb42d56 -> 
  custom:audio-encoder-webm-vorbis: bf7c407c2cedff20999df2af8eb42d56 -> 
========================================================================
Received Import Request.
  path: Assets/ExampleAssets/Prefabs/Construction Light Low.prefab
  artifactKey: Guid(bf0a225a9ff184f2789f3036faaa9150) Importer(815301076,1909f56bfc062723c751e8b465ee728b)
Start importing Assets/ExampleAssets/Prefabs/Construction Light Low.prefab using Guid(bf0a225a9ff184f2789f3036faaa9150) Importer(815301076,1909f56bfc062723c751e8b465ee728b)  -> (artifact id: 'b9f74b3dba46066064816d7e6692d99d') in 0.258443 seconds 
========================================================================
Received Import Request.
  Time since last request: 128.919352 seconds.
  path: Assets/Environment/Models/kit1/FBX format/low_buildingJ.fbx
  artifactKey: Guid(6205699af514cd84d99dc30e085f5bf7) Importer(815301076,1909f56bfc062723c751e8b465ee728b)
Start importing Assets/Environment/Models/kit1/FBX format/low_buildingJ.fbx using Guid(6205699af514cd84d99dc30e085f5bf7) Importer(815301076,1909f56bfc062723c751e8b465ee728b)  -> (artifact id: '5a2fc3cbe3ed2d2a18e74ecf287e2e9f') in 0.156430 seconds 
========================================================================
Received Import Request.
  Time since last request: 94.493923 seconds.
  path: Assets/Environment/Models/kit3/fountainRound.fbx
  artifactKey: Guid(2d369baf0c844094388554a29baced7c) Importer(815301076,1909f56bfc062723c751e8b465ee728b)
Start importing Assets/Environment/Models/kit3/fountainRound.fbx using Guid(2d369baf0c844094388554a29baced7c) Importer(815301076,1909f56bfc062723c751e8b465ee728b)  -> (artifact id: '6f873bc797756c948938f03bd3150565') in 0.043621 seconds 
========================================================================
Received Import Request.
  Time since last request: 0.000424 seconds.
  path: Assets/Environment/Models/kit3/fountainRoundDetail.fbx
  artifactKey: Guid(071980eeff9837a4a8056973c8967046) Importer(815301076,1909f56bfc062723c751e8b465ee728b)
Start importing Assets/Environment/Models/kit3/fountainRoundDetail.fbx using Guid(071980eeff9837a4a8056973c8967046) Importer(815301076,1909f56bfc062723c751e8b465ee728b)  -> (artifact id: 'b948b875a24e8205fa247a50283c3feb') in 0.061812 seconds 
========================================================================
Received Import Request.
  Time since last request: 11.669039 seconds.
  path: Assets/Environment/Models/kit1/FBX format/low_buildingN.fbx
  artifactKey: Guid(bcaa4fff4fb6fad47bdaf4e9902fad67) Importer(815301076,1909f56bfc062723c751e8b465ee728b)
Start importing Assets/Environment/Models/kit1/FBX format/low_buildingN.fbx using Guid(bcaa4fff4fb6fad47bdaf4e9902fad67) Importer(815301076,1909f56bfc062723c751e8b465ee728b)  -> (artifact id: 'a6df659c6039378bf9ee1f827c594022') in 0.035230 seconds 
========================================================================
Received Import Request.
  Time since last request: 0.000385 seconds.
  path: Assets/Environment/Models/kit1/FBX format/skyscraperE.fbx
  artifactKey: Guid(98ca53f93eebccb419e2c993e3f21682) Importer(815301076,1909f56bfc062723c751e8b465ee728b)
Start importing Assets/Environment/Models/kit1/FBX format/skyscraperE.fbx using Guid(98ca53f93eebccb419e2c993e3f21682) Importer(815301076,1909f56bfc062723c751e8b465ee728b)  -> (artifact id: '5527e21c08d497f34c2198f5910bb2b2') in 0.072445 seconds 
========================================================================
Received Import Request.
  Time since last request: 0.000246 seconds.
  path: Assets/Environment/Models/kit1/FBX format/small_buildingA.fbx
  artifactKey: Guid(5b3449c5c7a28d24f8cdd1f64e10d9eb) Importer(815301076,1909f56bfc062723c751e8b465ee728b)
Start importing Assets/Environment/Models/kit1/FBX format/small_buildingA.fbx using Guid(5b3449c5c7a28d24f8cdd1f64e10d9eb) Importer(815301076,1909f56bfc062723c751e8b465ee728b)  -> (artifact id: '1cb50b846cb8e857e64508f69cb2e9ae') in 0.059697 seconds 
========================================================================
Received Import Request.
  Time since last request: 0.000184 seconds.
  path: Assets/Environment/Models/kit1/FBX format/skyscraperF.fbx
  artifactKey: Guid(5d3aa631ebfa28443b52bfe1bb1a1eab) Importer(815301076,1909f56bfc062723c751e8b465ee728b)
Start importing Assets/Environment/Models/kit1/FBX format/skyscraperF.fbx using Guid(5d3aa631ebfa28443b52bfe1bb1a1eab) Importer(815301076,1909f56bfc062723c751e8b465ee728b)  -> (artifact id: 'c0ca1632ad8db544b7c59d62b830c511') in 0.062068 seconds 
========================================================================
Received Import Request.
  Time since last request: 0.000176 seconds.
  path: Assets/Environment/Models/kit1/FBX format/skyscraperA.fbx
  artifactKey: Guid(c94fc4ffa14c2e24b90738866a5b2589) Importer(815301076,1909f56bfc062723c751e8b465ee728b)
Start importing Assets/Environment/Models/kit1/FBX format/skyscraperA.fbx using Guid(c94fc4ffa14c2e24b90738866a5b2589) Importer(815301076,1909f56bfc062723c751e8b465ee728b)  -> (artifact id: '3a3abdbee1d1b2474e1c2f5d71990b74') in 0.065561 seconds 
========================================================================
Received Import Request.
  Time since last request: 13.936772 seconds.
  path: Assets/Environment/Models/kit2/light_curvedDouble.fbx
  artifactKey: Guid(ecfdf19dc8e851f42b4ff9fd274d0d6a) Importer(815301076,1909f56bfc062723c751e8b465ee728b)
Start importing Assets/Environment/Models/kit2/light_curvedDouble.fbx using Guid(ecfdf19dc8e851f42b4ff9fd274d0d6a) Importer(815301076,1909f56bfc062723c751e8b465ee728b)  -> (artifact id: 'e252f0a1edb0abe87f9e7c5a8b80964a') in 0.054074 seconds 
========================================================================
Received Import Request.
  Time since last request: 50.548670 seconds.
  path: Assets/Environment/Models/kit2/road_drivewayDouble.fbx
  artifactKey: Guid(71d8ebd47347c164a96317bcd17d23e5) Importer(815301076,1909f56bfc062723c751e8b465ee728b)
Start importing Assets/Environment/Models/kit2/road_drivewayDouble.fbx using Guid(71d8ebd47347c164a96317bcd17d23e5) Importer(815301076,1909f56bfc062723c751e8b465ee728b)  -> (artifact id: '05e4b844bb09ebcd388ff10cf83e2eb5') in 0.054539 seconds 
========================================================================
Received Import Request.
  Time since last request: 11.477930 seconds.
  path: Assets/Environment/Models/used
  artifactKey: Guid(9e12a2fb238c0bf4996af5dd805077ca) Importer(815301076,1909f56bfc062723c751e8b465ee728b)
Start importing Assets/Environment/Models/used using Guid(9e12a2fb238c0bf4996af5dd805077ca) Importer(815301076,1909f56bfc062723c751e8b465ee728b)  -> (artifact id: 'c46c66a6ebdd3fc5d5e5c4084b44380f') in 0.002353 seconds 
========================================================================
Received Import Request.
  Time since last request: 18.784604 seconds.
  path: Assets/Environment/Models/kit1/FBX format/large_buildingC.fbx
  artifactKey: Guid(3cdcaaca42152a740bca31e590d65e9c) Importer(815301076,1909f56bfc062723c751e8b465ee728b)
Start importing Assets/Environment/Models/kit1/FBX format/large_buildingC.fbx using Guid(3cdcaaca42152a740bca31e590d65e9c) Importer(815301076,1909f56bfc062723c751e8b465ee728b)  -> (artifact id: '8c2376b6adb3a7d990fd4ba8e7e7c289') in 0.054267 seconds 
========================================================================
Received Import Request.
  Time since last request: 0.000371 seconds.
  path: Assets/Environment/Models/kit1/FBX format/low_buildingA.fbx
  artifactKey: Guid(3a394991e1c74634cbb43623a12c224f) Importer(815301076,1909f56bfc062723c751e8b465ee728b)
Start importing Assets/Environment/Models/kit1/FBX format/low_buildingA.fbx using Guid(3a394991e1c74634cbb43623a12c224f) Importer(815301076,1909f56bfc062723c751e8b465ee728b)  -> (artifact id: 'bb29f5f9db8c2b3d7746d372907a6c63') in 0.040087 seconds 
========================================================================
Received Import Request.
  Time since last request: 0.000206 seconds.
  path: Assets/Environment/Models/kit1/FBX format/large_buildingG.fbx
  artifactKey: Guid(725eb8d2317d2ef4d923237ead3c79d3) Importer(815301076,1909f56bfc062723c751e8b465ee728b)
Start importing Assets/Environment/Models/kit1/FBX format/large_buildingG.fbx using Guid(725eb8d2317d2ef4d923237ead3c79d3) Importer(815301076,1909f56bfc062723c751e8b465ee728b)  -> (artifact id: '38d59eb4f9a1e9a62383ccd9e600c88a') in 0.056700 seconds 
========================================================================
Received Import Request.
  Time since last request: 11.687570 seconds.
  path: Assets/Environment/Models/kit2/road_crossroadPath.fbx
  artifactKey: Guid(e295de31ee05275419b73342d392ee6a) Importer(815301076,1909f56bfc062723c751e8b465ee728b)
Start importing Assets/Environment/Models/kit2/road_crossroadPath.fbx using Guid(e295de31ee05275419b73342d392ee6a) Importer(815301076,1909f56bfc062723c751e8b465ee728b)  -> (artifact id: '6394dbbf46ccfd9f20e73323acf76079') in 0.055594 seconds 
========================================================================
Received Import Request.
  Time since last request: 253.181265 seconds.
  path: Assets/Environment/Models/used/fountainRound.fbx
  artifactKey: Guid(2d369baf0c844094388554a29baced7c) Importer(815301076,1909f56bfc062723c751e8b465ee728b)
Start importing Assets/Environment/Models/used/fountainRound.fbx using Guid(2d369baf0c844094388554a29baced7c) Importer(815301076,1909f56bfc062723c751e8b465ee728b)  -> (artifact id: 'ba41cddf3415b8036266104d114f1bd3') in 0.143629 seconds 
========================================================================
Received Import Request.
  Time since last request: 0.000207 seconds.
  path: Assets/Environment/Models/used/tile_low.fbx
  artifactKey: Guid(d99b275ab796f534f8de89b6b209c86a) Importer(815301076,1909f56bfc062723c751e8b465ee728b)
Start importing Assets/Environment/Models/used/tile_low.fbx using Guid(d99b275ab796f534f8de89b6b209c86a) Importer(815301076,1909f56bfc062723c751e8b465ee728b)  -> (artifact id: '30980a030ba0544008b390957018e1a5') in 0.051307 seconds 
========================================================================
Received Import Request.
  Time since last request: 0.000228 seconds.
  path: Assets/Environment/Models/used/light_curvedDouble.fbx
  artifactKey: Guid(ecfdf19dc8e851f42b4ff9fd274d0d6a) Importer(815301076,1909f56bfc062723c751e8b465ee728b)
Start importing Assets/Environment/Models/used/light_curvedDouble.fbx using Guid(ecfdf19dc8e851f42b4ff9fd274d0d6a) Importer(815301076,1909f56bfc062723c751e8b465ee728b)  -> (artifact id: '7cbdb32b1bd4ed7127dceca1f50ae14e') in 0.035325 seconds 
========================================================================
Received Import Request.
  Time since last request: 0.000213 seconds.
  path: Assets/Environment/Models/used/low_buildingA.fbx
  artifactKey: Guid(3a394991e1c74634cbb43623a12c224f) Importer(815301076,1909f56bfc062723c751e8b465ee728b)
Start importing Assets/Environment/Models/used/low_buildingA.fbx using Guid(3a394991e1c74634cbb43623a12c224f) Importer(815301076,1909f56bfc062723c751e8b465ee728b)  -> (artifact id: '211e5234edd3cddcd49174089e2d5127') in 0.028764 seconds 
========================================================================
Received Import Request.
  Time since last request: 0.000324 seconds.
  path: Assets/Environment/Models/used/skyscraperE.fbx
  artifactKey: Guid(98ca53f93eebccb419e2c993e3f21682) Importer(815301076,1909f56bfc062723c751e8b465ee728b)
Start importing Assets/Environment/Models/used/skyscraperE.fbx using Guid(98ca53f93eebccb419e2c993e3f21682) Importer(815301076,1909f56bfc062723c751e8b465ee728b)  -> (artifact id: 'e5ebedc768aaf8f4e53be2bd5f9b2487') in 0.069080 seconds 
========================================================================
Received Import Request.
  Time since last request: 0.000202 seconds.
  path: Assets/Environment/Models/used/large_buildingC.fbx
  artifactKey: Guid(3cdcaaca42152a740bca31e590d65e9c) Importer(815301076,1909f56bfc062723c751e8b465ee728b)
Start importing Assets/Environment/Models/used/large_buildingC.fbx using Guid(3cdcaaca42152a740bca31e590d65e9c) Importer(815301076,1909f56bfc062723c751e8b465ee728b)  -> (artifact id: '0b414dd38a1b2bc40c7c5497a734e43e') in 0.066239 seconds 
========================================================================
Received Import Request.
  Time since last request: 0.000340 seconds.
  path: Assets/Environment/Models/used/small_buildingA.fbx
  artifactKey: Guid(5b3449c5c7a28d24f8cdd1f64e10d9eb) Importer(815301076,1909f56bfc062723c751e8b465ee728b)
Start importing Assets/Environment/Models/used/small_buildingA.fbx using Guid(5b3449c5c7a28d24f8cdd1f64e10d9eb) Importer(815301076,1909f56bfc062723c751e8b465ee728b)  -> (artifact id: '5bf913aaed973a7126a9a0a85c11f4cf') in 0.274720 seconds 
========================================================================
Received Import Request.
  Time since last request: 0.000233 seconds.
  path: Assets/Environment/Models/used/skyscraperF.fbx
  artifactKey: Guid(5d3aa631ebfa28443b52bfe1bb1a1eab) Importer(815301076,1909f56bfc062723c751e8b465ee728b)
Start importing Assets/Environment/Models/used/skyscraperF.fbx using Guid(5d3aa631ebfa28443b52bfe1bb1a1eab) Importer(815301076,1909f56bfc062723c751e8b465ee728b)  -> (artifact id: '1f9e9f6e314dabc3be500f8086ce034e') in 0.045599 seconds 
========================================================================
Received Import Request.
  Time since last request: 0.000197 seconds.
  path: Assets/Environment/Models/used/low_buildingN.fbx
  artifactKey: Guid(bcaa4fff4fb6fad47bdaf4e9902fad67) Importer(815301076,1909f56bfc062723c751e8b465ee728b)
Start importing Assets/Environment/Models/used/low_buildingN.fbx using Guid(bcaa4fff4fb6fad47bdaf4e9902fad67) Importer(815301076,1909f56bfc062723c751e8b465ee728b)  -> (artifact id: '4fee0678460a35b0670495f338217d86') in 0.036015 seconds 
========================================================================
Received Import Request.
  Time since last request: 0.000208 seconds.
  path: Assets/Environment/Models/used/skyscraperA.fbx
  artifactKey: Guid(c94fc4ffa14c2e24b90738866a5b2589) Importer(815301076,1909f56bfc062723c751e8b465ee728b)
Start importing Assets/Environment/Models/used/skyscraperA.fbx using Guid(c94fc4ffa14c2e24b90738866a5b2589) Importer(815301076,1909f56bfc062723c751e8b465ee728b)  -> (artifact id: '77c3338c0b7490f1fcc6826d09d0ef04') in 0.055243 seconds 
========================================================================
Received Import Request.
  Time since last request: 0.000244 seconds.
  path: Assets/Environment/Models/used/low_buildingJ.fbx
  artifactKey: Guid(6205699af514cd84d99dc30e085f5bf7) Importer(815301076,1909f56bfc062723c751e8b465ee728b)
Start importing Assets/Environment/Models/used/low_buildingJ.fbx using Guid(6205699af514cd84d99dc30e085f5bf7) Importer(815301076,1909f56bfc062723c751e8b465ee728b)  -> (artifact id: 'e9641abdd21f88626761aaf927a6f97f') in 0.035661 seconds 
========================================================================
Received Import Request.
  Time since last request: 0.000246 seconds.
  path: Assets/Environment/Models/used/low_buildingH.fbx
  artifactKey: Guid(9a7a1b55dbcfd3c4abe5835865004d11) Importer(815301076,1909f56bfc062723c751e8b465ee728b)
Start importing Assets/Environment/Models/used/low_buildingH.fbx using Guid(9a7a1b55dbcfd3c4abe5835865004d11) Importer(815301076,1909f56bfc062723c751e8b465ee728b)  -> (artifact id: 'd5d7ad1cffda579f21682eab7a0ce7dd') in 0.033448 seconds 
========================================================================
Received Import Request.
  Time since last request: 0.000227 seconds.
  path: Assets/Environment/Models/used/road_drivewayDouble.fbx
  artifactKey: Guid(71d8ebd47347c164a96317bcd17d23e5) Importer(815301076,1909f56bfc062723c751e8b465ee728b)
Start importing Assets/Environment/Models/used/road_drivewayDouble.fbx using Guid(71d8ebd47347c164a96317bcd17d23e5) Importer(815301076,1909f56bfc062723c751e8b465ee728b)  -> (artifact id: '3e40c751fd93f52579e713b91a1d1789') in 0.046923 seconds 
========================================================================
Received Import Request.
  Time since last request: 0.000208 seconds.
  path: Assets/Environment/Models/used/large_buildingG.fbx
  artifactKey: Guid(725eb8d2317d2ef4d923237ead3c79d3) Importer(815301076,1909f56bfc062723c751e8b465ee728b)
Start importing Assets/Environment/Models/used/large_buildingG.fbx using Guid(725eb8d2317d2ef4d923237ead3c79d3) Importer(815301076,1909f56bfc062723c751e8b465ee728b)  -> (artifact id: '749b5f9cc2dbd64c03a197793d0b8373') in 0.053834 seconds 
========================================================================
Received Import Request.
  Time since last request: 0.000196 seconds.
  path: Assets/Environment/Models/used/fountainRoundDetail.fbx
  artifactKey: Guid(071980eeff9837a4a8056973c8967046) Importer(815301076,1909f56bfc062723c751e8b465ee728b)
Start importing Assets/Environment/Models/used/fountainRoundDetail.fbx using Guid(071980eeff9837a4a8056973c8967046) Importer(815301076,1909f56bfc062723c751e8b465ee728b)  -> (artifact id: 'c19ae24ec238a05dbc5610c7869f70c6') in 0.039700 seconds 
========================================================================
Received Import Request.
  Time since last request: 0.000599 seconds.
  path: Assets/Environment/Models/used/road_crossroadPath.fbx
  artifactKey: Guid(e295de31ee05275419b73342d392ee6a) Importer(815301076,1909f56bfc062723c751e8b465ee728b)
Start importing Assets/Environment/Models/used/road_crossroadPath.fbx using Guid(e295de31ee05275419b73342d392ee6a) Importer(815301076,1909f56bfc062723c751e8b465ee728b)  -> (artifact id: '683b5f738551dd41bd7a9aa145240859') in 0.046463 seconds 
========================================================================
Received Import Request.
  Time since last request: 6.654030 seconds.
  path: Assets/Environment/Models/used/low_buildingH.fbx
  artifactKey: Guid(9a7a1b55dbcfd3c4abe5835865004d11) Importer(815301076,1909f56bfc062723c751e8b465ee728b)
Start importing Assets/Environment/Models/used/low_buildingH.fbx using Guid(9a7a1b55dbcfd3c4abe5835865004d11) Importer(815301076,1909f56bfc062723c751e8b465ee728b)  -> (artifact id: '663c4be2624041b53e81809b42183bcd') in 0.084484 seconds 
========================================================================
Received Import Request.
  Time since last request: 0.000186 seconds.
  path: Assets/Environment/Models/used/tile_low.fbx
  artifactKey: Guid(d99b275ab796f534f8de89b6b209c86a) Importer(815301076,1909f56bfc062723c751e8b465ee728b)
Start importing Assets/Environment/Models/used/tile_low.fbx using Guid(d99b275ab796f534f8de89b6b209c86a) Importer(815301076,1909f56bfc062723c751e8b465ee728b)  -> (artifact id: '694436db522b79f28cefb278663d0b3d') in 0.060548 seconds 
========================================================================
Received Import Request.
  Time since last request: 111.562555 seconds.
  path: Assets/Scenes/Scene2_Game.unity
  artifactKey: Guid(f16e09b43fe1bb14588bdad49b7a6ffe) Importer(815301076,1909f56bfc062723c751e8b465ee728b)
Start importing Assets/Scenes/Scene2_Game.unity using Guid(f16e09b43fe1bb14588bdad49b7a6ffe) Importer(815301076,1909f56bfc062723c751e8b465ee728b)  -> (artifact id: '586da18e97e4b5eafd263cab1eb0919b') in 0.002003 seconds 
========================================================================
Received Prepare
Registering precompiled user dll's ...
Registered in 0.002194 seconds.
Begin MonoManager ReloadAssembly
Native extension for WindowsStandalone target not found
Refreshing native plugins compatible for Editor in 0.90 ms, found 2 plugins.
Preloading 0 native plugins for Editor in 0.00 ms.
Mono: successfully reloaded assembly
- Completed reload, in  2.308 seconds
Domain Reload Profiling:
	ReloadAssembly (2309ms)
		BeginReloadAssembly (343ms)
			ExecutionOrderSort (0ms)
			DisableScriptedObjects (68ms)
			BackupInstance (0ms)
			ReleaseScriptingObjects (0ms)
			CreateAndSetChildDomain (65ms)
		EndReloadAssembly (1890ms)
			LoadAssemblies (155ms)
			RebuildTransferFunctionScriptingTraits (0ms)
			SetupTypeCache (496ms)
			ReleaseScriptCaches (3ms)
			RebuildScriptCaches (85ms)
			SetupLoadedEditorAssemblies (950ms)
				LogAssemblyErrors (0ms)
				InitializePlatformSupportModulesInManaged (5ms)
				SetLoadedEditorAssemblies (1ms)
				RefreshPlugins (1ms)
				BeforeProcessingInitializeOnLoad (154ms)
				ProcessInitializeOnLoadAttributes (762ms)
				ProcessInitializeOnLoadMethodAttributes (23ms)
				AfterProcessingInitializeOnLoad (4ms)
				EditorAssembliesLoaded (0ms)
			ExecutionOrderSort2 (0ms)
			AwakeInstancesAfterBackupRestoration (13ms)
Platform modules already initialized, skipping
Refreshing native plugins compatible for Editor in 1.15 ms, found 2 plugins.
Preloading 0 native plugins for Editor in 0.00 ms.
Unloading 3382 Unused Serialized files (Serialized files now loaded: 0)
System memory in use before: 170.9 MB.
System memory in use after: 171.1 MB.

Unloading 15 unused Assets to reduce memory usage. Loaded Objects now: 4109.
Total: 7.395200 ms (FindLiveObjects: 0.320800 ms CreateObjectMapping: 0.196100 ms MarkObjects: 6.495000 ms  DeleteObjects: 0.183200 ms)

AssetImportParameters requested are different than current active one (requested -> active):
  custom:framework-win-MediaFoundation: 216162199b28c13a410421893ffa2e32 -> 
  custom:video-decoder-ogg-theora: a1e56fd34408186e4bbccfd4996cb3dc -> 
  custom:container-muxer-webm: aa71ff27fc2769a1b78a27578f13a17b -> 
  custom:container-demuxer-webm: 4f35f7cbe854078d1ac9338744f61a02 -> 
  custom:container-demuxer-ogg: 62fdf1f143b41e24485cea50d1cbac27 -> 
  custom:video-encoder-webm-vp8: eb34c28f22e8b96e1ab97ce403110664 -> 
  custom:video-decoder-webm-vp8: 9c59270c3fd7afecdb556c50c9e8de78 -> 
  custom:audio-decoder-ogg-vorbis: bf7c407c2cedff20999df2af8eb42d56 -> 
  custom:audio-encoder-webm-vorbis: bf7c407c2cedff20999df2af8eb42d56 -> 
========================================================================
Received Prepare
Registering precompiled user dll's ...
Registered in 0.002306 seconds.
Begin MonoManager ReloadAssembly
Native extension for WindowsStandalone target not found
Refreshing native plugins compatible for Editor in 3.91 ms, found 2 plugins.
Preloading 0 native plugins for Editor in 0.00 ms.
Mono: successfully reloaded assembly
- Completed reload, in  2.296 seconds
Domain Reload Profiling:
	ReloadAssembly (2297ms)
		BeginReloadAssembly (163ms)
			ExecutionOrderSort (0ms)
			DisableScriptedObjects (7ms)
			BackupInstance (0ms)
			ReleaseScriptingObjects (0ms)
			CreateAndSetChildDomain (55ms)
		EndReloadAssembly (2053ms)
			LoadAssemblies (142ms)
			RebuildTransferFunctionScriptingTraits (0ms)
			SetupTypeCache (559ms)
			ReleaseScriptCaches (2ms)
			RebuildScriptCaches (61ms)
			SetupLoadedEditorAssemblies (1104ms)
				LogAssemblyErrors (0ms)
				InitializePlatformSupportModulesInManaged (11ms)
				SetLoadedEditorAssemblies (1ms)
				RefreshPlugins (4ms)
				BeforeProcessingInitializeOnLoad (206ms)
				ProcessInitializeOnLoadAttributes (859ms)
				ProcessInitializeOnLoadMethodAttributes (20ms)
				AfterProcessingInitializeOnLoad (3ms)
				EditorAssembliesLoaded (0ms)
			ExecutionOrderSort2 (0ms)
			AwakeInstancesAfterBackupRestoration (15ms)
Platform modules already initialized, skipping
Refreshing native plugins compatible for Editor in 0.96 ms, found 2 plugins.
Preloading 0 native plugins for Editor in 0.00 ms.
Unloading 3382 Unused Serialized files (Serialized files now loaded: 0)
System memory in use before: 171.0 MB.
System memory in use after: 171.1 MB.

Unloading 15 unused Assets to reduce memory usage. Loaded Objects now: 4112.
Total: 5.354500 ms (FindLiveObjects: 0.470600 ms CreateObjectMapping: 0.493800 ms MarkObjects: 4.168800 ms  DeleteObjects: 0.218900 ms)

AssetImportParameters requested are different than current active one (requested -> active):
  custom:framework-win-MediaFoundation: 216162199b28c13a410421893ffa2e32 -> 
  custom:video-decoder-ogg-theora: a1e56fd34408186e4bbccfd4996cb3dc -> 
  custom:container-muxer-webm: aa71ff27fc2769a1b78a27578f13a17b -> 
  custom:container-demuxer-webm: 4f35f7cbe854078d1ac9338744f61a02 -> 
  custom:container-demuxer-ogg: 62fdf1f143b41e24485cea50d1cbac27 -> 
  custom:video-encoder-webm-vp8: eb34c28f22e8b96e1ab97ce403110664 -> 
  custom:video-decoder-webm-vp8: 9c59270c3fd7afecdb556c50c9e8de78 -> 
  custom:audio-decoder-ogg-vorbis: bf7c407c2cedff20999df2af8eb42d56 -> 
  custom:audio-encoder-webm-vorbis: bf7c407c2cedff20999df2af8eb42d56 -> 
========================================================================
Received Prepare
Registering precompiled user dll's ...
Registered in 0.023730 seconds.
Begin MonoManager ReloadAssembly
Native extension for WindowsStandalone target not found
Refreshing native plugins compatible for Editor in 2.28 ms, found 2 plugins.
Preloading 0 native plugins for Editor in 0.00 ms.
Mono: successfully reloaded assembly
- Completed reload, in  3.688 seconds
Domain Reload Profiling:
	ReloadAssembly (3689ms)
		BeginReloadAssembly (326ms)
			ExecutionOrderSort (0ms)
			DisableScriptedObjects (23ms)
			BackupInstance (0ms)
			ReleaseScriptingObjects (0ms)
			CreateAndSetChildDomain (114ms)
		EndReloadAssembly (3226ms)
			LoadAssemblies (266ms)
			RebuildTransferFunctionScriptingTraits (0ms)
			SetupTypeCache (889ms)
			ReleaseScriptCaches (2ms)
			RebuildScriptCaches (104ms)
			SetupLoadedEditorAssemblies (1566ms)
				LogAssemblyErrors (0ms)
				InitializePlatformSupportModulesInManaged (11ms)
				SetLoadedEditorAssemblies (5ms)
				RefreshPlugins (2ms)
				BeforeProcessingInitializeOnLoad (350ms)
				ProcessInitializeOnLoadAttributes (1123ms)
				ProcessInitializeOnLoadMethodAttributes (65ms)
				AfterProcessingInitializeOnLoad (9ms)
				EditorAssembliesLoaded (1ms)
			ExecutionOrderSort2 (0ms)
			AwakeInstancesAfterBackupRestoration (31ms)
Platform modules already initialized, skipping
Refreshing native plugins compatible for Editor in 1.31 ms, found 2 plugins.
Preloading 0 native plugins for Editor in 0.00 ms.
Unloading 3382 Unused Serialized files (Serialized files now loaded: 0)
System memory in use before: 171.0 MB.
System memory in use after: 171.2 MB.

Unloading 15 unused Assets to reduce memory usage. Loaded Objects now: 4115.
Total: 7.053400 ms (FindLiveObjects: 0.521700 ms CreateObjectMapping: 0.518200 ms MarkObjects: 5.769900 ms  DeleteObjects: 0.222700 ms)

AssetImportParameters requested are different than current active one (requested -> active):
  custom:framework-win-MediaFoundation: 216162199b28c13a410421893ffa2e32 -> 
  custom:video-decoder-ogg-theora: a1e56fd34408186e4bbccfd4996cb3dc -> 
  custom:container-muxer-webm: aa71ff27fc2769a1b78a27578f13a17b -> 
  custom:container-demuxer-webm: 4f35f7cbe854078d1ac9338744f61a02 -> 
  custom:container-demuxer-ogg: 62fdf1f143b41e24485cea50d1cbac27 -> 
  custom:video-encoder-webm-vp8: eb34c28f22e8b96e1ab97ce403110664 -> 
  custom:video-decoder-webm-vp8: 9c59270c3fd7afecdb556c50c9e8de78 -> 
  custom:audio-decoder-ogg-vorbis: bf7c407c2cedff20999df2af8eb42d56 -> 
  custom:audio-encoder-webm-vorbis: bf7c407c2cedff20999df2af8eb42d56 -> 
========================================================================
Received Prepare
Registering precompiled user dll's ...
Registered in 0.003900 seconds.
Begin MonoManager ReloadAssembly
Native extension for WindowsStandalone target not found
Refreshing native plugins compatible for Editor in 1.39 ms, found 2 plugins.
Preloading 0 native plugins for Editor in 0.00 ms.
Mono: successfully reloaded assembly
- Completed reload, in  2.065 seconds
Domain Reload Profiling:
	ReloadAssembly (2066ms)
		BeginReloadAssembly (149ms)
			ExecutionOrderSort (0ms)
			DisableScriptedObjects (5ms)
			BackupInstance (0ms)
			ReleaseScriptingObjects (0ms)
			CreateAndSetChildDomain (49ms)
		EndReloadAssembly (1829ms)
			LoadAssemblies (131ms)
			RebuildTransferFunctionScriptingTraits (0ms)
			SetupTypeCache (446ms)
			ReleaseScriptCaches (2ms)
			RebuildScriptCaches (73ms)
			SetupLoadedEditorAssemblies (996ms)
				LogAssemblyErrors (0ms)
				InitializePlatformSupportModulesInManaged (7ms)
				SetLoadedEditorAssemblies (2ms)
				RefreshPlugins (1ms)
				BeforeProcessingInitializeOnLoad (118ms)
				ProcessInitializeOnLoadAttributes (847ms)
				ProcessInitializeOnLoadMethodAttributes (17ms)
				AfterProcessingInitializeOnLoad (3ms)
				EditorAssembliesLoaded (0ms)
			ExecutionOrderSort2 (0ms)
			AwakeInstancesAfterBackupRestoration (13ms)
Platform modules already initialized, skipping
Refreshing native plugins compatible for Editor in 0.74 ms, found 2 plugins.
Preloading 0 native plugins for Editor in 0.00 ms.
Unloading 3382 Unused Serialized files (Serialized files now loaded: 0)
System memory in use before: 171.1 MB.
System memory in use after: 171.2 MB.

Unloading 15 unused Assets to reduce memory usage. Loaded Objects now: 4118.
Total: 6.634900 ms (FindLiveObjects: 0.286800 ms CreateObjectMapping: 1.192200 ms MarkObjects: 4.991100 ms  DeleteObjects: 0.163700 ms)

AssetImportParameters requested are different than current active one (requested -> active):
  custom:framework-win-MediaFoundation: 216162199b28c13a410421893ffa2e32 -> 
  custom:video-decoder-ogg-theora: a1e56fd34408186e4bbccfd4996cb3dc -> 
  custom:container-muxer-webm: aa71ff27fc2769a1b78a27578f13a17b -> 
  custom:container-demuxer-webm: 4f35f7cbe854078d1ac9338744f61a02 -> 
  custom:container-demuxer-ogg: 62fdf1f143b41e24485cea50d1cbac27 -> 
  custom:video-encoder-webm-vp8: eb34c28f22e8b96e1ab97ce403110664 -> 
  custom:video-decoder-webm-vp8: 9c59270c3fd7afecdb556c50c9e8de78 -> 
  custom:audio-decoder-ogg-vorbis: bf7c407c2cedff20999df2af8eb42d56 -> 
  custom:audio-encoder-webm-vorbis: bf7c407c2cedff20999df2af8eb42d56 -> 
AssetImportWorkerClient::OnTransportError - code=2 error=End of file
