Using pre-set license
Built from 'master' branch; Version is '2020.3.36f1 (71f96b79b9f0) revision 7469419'; Using compiler version '192528614'; Build Type 'Release'
OS: 'Windows 10  (10.0.19042) 64bit Professional' Language: 'es' Physical Memory: 16336 MB
BatchMode: 1, IsHumanControllingUs: 0, StartBugReporterOnCrash: 0, Is64bit: 1, IsPro: 0

COMMAND LINE ARGUMENTS:
C:\Program Files\Unity\Hub\Editor\2020.3.36f1\Editor\Unity.exe
-adb2
-batchMode
-noUpm
-name
AssetImportWorker0
-projectPath
C:/Users/Elisa/Desktop/image/FINAL PROGRMACIÓN/git/FINAL_V1/TSAV_FDP_FINAL_GONDAELISA
-logFile
Logs/AssetImportWorker0.log
-srvPort
60414
Successfully changed project path to: C:/Users/Elisa/Desktop/image/FINAL PROGRMACIÓN/git/FINAL_V1/TSAV_FDP_FINAL_GONDAELISA
C:/Users/Elisa/Desktop/image/FINAL PROGRMACIÓN/git/FINAL_V1/TSAV_FDP_FINAL_GONDAELISA
Using Asset Import Pipeline V2.
Refreshing native plugins compatible for Editor in 74.01 ms, found 2 plugins.
Preloading 0 native plugins for Editor in 0.00 ms.
Initialize engine version: 2020.3.36f1 (71f96b79b9f0)
[Subsystems] Discovering subsystems at path C:/Program Files/Unity/Hub/Editor/2020.3.36f1/Editor/Data/Resources/UnitySubsystems
[Subsystems] Discovering subsystems at path C:/Users/Elisa/Desktop/image/FINAL PROGRMACIÓN/git/FINAL_V1/TSAV_FDP_FINAL_GONDAELISA/Assets
GfxDevice: creating device client; threaded=0
Direct3D:
    Version:  Direct3D 11.0 [level 11.1]
    Renderer: NVIDIA GeForce GTX 1650 (ID=0x1f82)
    Vendor:   
    VRAM:     3962 MB
    Driver:   30.0.14.7168
Initialize mono
Mono path[0] = 'C:/Program Files/Unity/Hub/Editor/2020.3.36f1/Editor/Data/Managed'
Mono path[1] = 'C:/Program Files/Unity/Hub/Editor/2020.3.36f1/Editor/Data/MonoBleedingEdge/lib/mono/unityjit'
Mono config path = 'C:/Program Files/Unity/Hub/Editor/2020.3.36f1/Editor/Data/MonoBleedingEdge/etc'
Using monoOptions --debugger-agent=transport=dt_socket,embedding=1,server=y,suspend=n,address=127.0.0.1:56700
Begin MonoManager ReloadAssembly
Registering precompiled unity dll's ...
Register platform support module: C:/Program Files/Unity/Hub/Editor/2020.3.36f1/Editor/Data/PlaybackEngines/WindowsStandaloneSupport/UnityEditor.WindowsStandalone.Extensions.dll
Registered in 0.001236 seconds.
Native extension for WindowsStandalone target not found
Refreshing native plugins compatible for Editor in 99.62 ms, found 2 plugins.
Preloading 0 native plugins for Editor in 0.00 ms.
Mono: successfully reloaded assembly
- Completed reload, in  0.713 seconds
Domain Reload Profiling:
	ReloadAssembly (713ms)
		BeginReloadAssembly (60ms)
			ExecutionOrderSort (0ms)
			DisableScriptedObjects (0ms)
			BackupInstance (0ms)
			ReleaseScriptingObjects (0ms)
			CreateAndSetChildDomain (1ms)
		EndReloadAssembly (572ms)
			LoadAssemblies (59ms)
			RebuildTransferFunctionScriptingTraits (0ms)
			SetupTypeCache (193ms)
			ReleaseScriptCaches (0ms)
			RebuildScriptCaches (37ms)
			SetupLoadedEditorAssemblies (233ms)
				LogAssemblyErrors (0ms)
				InitializePlatformSupportModulesInManaged (5ms)
				SetLoadedEditorAssemblies (0ms)
				RefreshPlugins (100ms)
				BeforeProcessingInitializeOnLoad (16ms)
				ProcessInitializeOnLoadAttributes (83ms)
				ProcessInitializeOnLoadMethodAttributes (29ms)
				AfterProcessingInitializeOnLoad (0ms)
				EditorAssembliesLoaded (0ms)
			ExecutionOrderSort2 (0ms)
			AwakeInstancesAfterBackupRestoration (0ms)
Platform modules already initialized, skipping
Registering precompiled user dll's ...
Registered in 0.004764 seconds.
Begin MonoManager ReloadAssembly
Native extension for WindowsStandalone target not found
Refreshing native plugins compatible for Editor in 76.76 ms, found 2 plugins.
Preloading 0 native plugins for Editor in 0.00 ms.
Mono: successfully reloaded assembly
- Completed reload, in  1.857 seconds
Domain Reload Profiling:
	ReloadAssembly (1858ms)
		BeginReloadAssembly (173ms)
			ExecutionOrderSort (0ms)
			DisableScriptedObjects (5ms)
			BackupInstance (0ms)
			ReleaseScriptingObjects (0ms)
			CreateAndSetChildDomain (19ms)
		EndReloadAssembly (1620ms)
			LoadAssemblies (112ms)
			RebuildTransferFunctionScriptingTraits (0ms)
			SetupTypeCache (349ms)
			ReleaseScriptCaches (1ms)
			RebuildScriptCaches (63ms)
			SetupLoadedEditorAssemblies (990ms)
				LogAssemblyErrors (0ms)
				InitializePlatformSupportModulesInManaged (4ms)
				SetLoadedEditorAssemblies (0ms)
				RefreshPlugins (77ms)
				BeforeProcessingInitializeOnLoad (105ms)
				ProcessInitializeOnLoadAttributes (781ms)
				ProcessInitializeOnLoadMethodAttributes (19ms)
				AfterProcessingInitializeOnLoad (3ms)
				EditorAssembliesLoaded (0ms)
			ExecutionOrderSort2 (0ms)
			AwakeInstancesAfterBackupRestoration (3ms)
Platform modules already initialized, skipping
========================================================================
Worker process is ready to serve import requests
Launched and connected shader compiler UnityShaderCompiler.exe after 0.04 seconds
Refreshing native plugins compatible for Editor in 1.10 ms, found 2 plugins.
Preloading 0 native plugins for Editor in 0.00 ms.
Unloading 3556 Unused Serialized files (Serialized files now loaded: 0)
System memory in use before: 179.1 MB.
System memory in use after: 179.2 MB.

Unloading 30 unused Assets to reduce memory usage. Loaded Objects now: 4025.
Total: 4.900600 ms (FindLiveObjects: 0.548300 ms CreateObjectMapping: 0.392700 ms MarkObjects: 3.787200 ms  DeleteObjects: 0.171200 ms)

AssetImportParameters requested are different than current active one (requested -> active):
  custom:framework-win-MediaFoundation: 216162199b28c13a410421893ffa2e32 -> 
  custom:video-decoder-ogg-theora: a1e56fd34408186e4bbccfd4996cb3dc -> 
  custom:container-muxer-webm: aa71ff27fc2769a1b78a27578f13a17b -> 
  custom:container-demuxer-webm: 4f35f7cbe854078d1ac9338744f61a02 -> 
  custom:container-demuxer-ogg: 62fdf1f143b41e24485cea50d1cbac27 -> 
  custom:video-encoder-webm-vp8: eb34c28f22e8b96e1ab97ce403110664 -> 
  custom:video-decoder-webm-vp8: 9c59270c3fd7afecdb556c50c9e8de78 -> 
  custom:audio-decoder-ogg-vorbis: bf7c407c2cedff20999df2af8eb42d56 -> 
  custom:audio-encoder-webm-vorbis: bf7c407c2cedff20999df2af8eb42d56 -> 
========================================================================
Received Import Request.
  path: Assets/Scenes/Scene2_Game/Lightmap-3_comp_shadowmask.png
  artifactKey: Guid(f1db0aeadf3fcde4c9443d4827767e6b) Importer(815301076,1909f56bfc062723c751e8b465ee728b)
Start importing Assets/Scenes/Scene2_Game/Lightmap-3_comp_shadowmask.png using Guid(f1db0aeadf3fcde4c9443d4827767e6b) Importer(815301076,1909f56bfc062723c751e8b465ee728b)  -> (artifact id: '60d4b4d1f74fbc20b0d337fe42115bb4') in 0.078560 seconds 
========================================================================
Received Import Request.
  Time since last request: 0.000197 seconds.
  path: Assets/Scenes/Scene2_Game/Lightmap-12_comp_shadowmask.png
  artifactKey: Guid(13207149c51c0e6478813532553b8779) Importer(815301076,1909f56bfc062723c751e8b465ee728b)
Start importing Assets/Scenes/Scene2_Game/Lightmap-12_comp_shadowmask.png using Guid(13207149c51c0e6478813532553b8779) Importer(815301076,1909f56bfc062723c751e8b465ee728b)  -> (artifact id: 'b77a46483552d644e6b8dc37d4b7b48a') in 0.026367 seconds 
========================================================================
Received Import Request.
  Time since last request: 0.000679 seconds.
  path: Assets/Scenes/Scene2_Game/Lightmap-6_comp_dir.png
  artifactKey: Guid(75bf21e2b563bf549afd192f9a842069) Importer(815301076,1909f56bfc062723c751e8b465ee728b)
Start importing Assets/Scenes/Scene2_Game/Lightmap-6_comp_dir.png using Guid(75bf21e2b563bf549afd192f9a842069) Importer(815301076,1909f56bfc062723c751e8b465ee728b)  -> (artifact id: '2d616f4a722a90ed96f5aeda6cb88010') in 0.025552 seconds 
========================================================================
Received Import Request.
  Time since last request: 0.000195 seconds.
  path: Assets/Scenes/Scene2_Game/Lightmap-4_comp_shadowmask.png
  artifactKey: Guid(e76594ab15ef7af45ac399b944479cc8) Importer(815301076,1909f56bfc062723c751e8b465ee728b)
Start importing Assets/Scenes/Scene2_Game/Lightmap-4_comp_shadowmask.png using Guid(e76594ab15ef7af45ac399b944479cc8) Importer(815301076,1909f56bfc062723c751e8b465ee728b)  -> (artifact id: '5aecf173553f25b2e615ed8f8e4d49da') in 0.030857 seconds 
========================================================================
Received Import Request.
  Time since last request: 0.000198 seconds.
  path: Assets/Scenes/Scene2_Game/ReflectionProbe-0.exr
  artifactKey: Guid(bb735a9074a7d49408d932a4814fff15) Importer(815301076,1909f56bfc062723c751e8b465ee728b)
Start importing Assets/Scenes/Scene2_Game/ReflectionProbe-0.exr using Guid(bb735a9074a7d49408d932a4814fff15) Importer(815301076,1909f56bfc062723c751e8b465ee728b)  -> (artifact id: 'beeb182c44dd8642b84b5214db77f195') in 0.081775 seconds 
========================================================================
Received Import Request.
  Time since last request: 0.000180 seconds.
  path: Assets/Scenes/Scene2_Game/Lightmap-6_comp_shadowmask.png
  artifactKey: Guid(54f5b87df1f20674595c8ea1604d8a67) Importer(815301076,1909f56bfc062723c751e8b465ee728b)
Start importing Assets/Scenes/Scene2_Game/Lightmap-6_comp_shadowmask.png using Guid(54f5b87df1f20674595c8ea1604d8a67) Importer(815301076,1909f56bfc062723c751e8b465ee728b)  -> (artifact id: '1622122626642fc50b65e5c4d28579c0') in 0.027782 seconds 
========================================================================
Received Import Request.
  Time since last request: 0.000264 seconds.
  path: Assets/Scenes/Scene2_Game/Lightmap-16_comp_dir.png
  artifactKey: Guid(ece9765f1f5bfe541817ac8a8b4b498a) Importer(815301076,1909f56bfc062723c751e8b465ee728b)
Start importing Assets/Scenes/Scene2_Game/Lightmap-16_comp_dir.png using Guid(ece9765f1f5bfe541817ac8a8b4b498a) Importer(815301076,1909f56bfc062723c751e8b465ee728b)  -> (artifact id: '6c9b09fd065529c87331a8f73116b39f') in 0.022632 seconds 
========================================================================
Received Import Request.
  Time since last request: 0.000173 seconds.
  path: Assets/Scenes/Scene2_Game/Lightmap-0_comp_light.exr
  artifactKey: Guid(11a5f57775f27ef428fc3d8fab16cec9) Importer(815301076,1909f56bfc062723c751e8b465ee728b)
Start importing Assets/Scenes/Scene2_Game/Lightmap-0_comp_light.exr using Guid(11a5f57775f27ef428fc3d8fab16cec9) Importer(815301076,1909f56bfc062723c751e8b465ee728b)  -> (artifact id: '1855344ab3ec9abf9f7d6307cfd948c8') in 0.020972 seconds 
========================================================================
Received Import Request.
  Time since last request: 0.000236 seconds.
  path: Assets/Scenes/Scene2_Game/Lightmap-8_comp_shadowmask.png
  artifactKey: Guid(32d00b450b0e9d04897b48a086a68468) Importer(815301076,1909f56bfc062723c751e8b465ee728b)
Start importing Assets/Scenes/Scene2_Game/Lightmap-8_comp_shadowmask.png using Guid(32d00b450b0e9d04897b48a086a68468) Importer(815301076,1909f56bfc062723c751e8b465ee728b)  -> (artifact id: 'a04f8af7d4f31a79c3a8cc785867a858') in 0.023698 seconds 
========================================================================
Received Import Request.
  Time since last request: 0.000197 seconds.
  path: Assets/Scenes/Scene2_Game/Lightmap-9_comp_light.exr
  artifactKey: Guid(b139b6a964460c3448756eb87498f5d5) Importer(815301076,1909f56bfc062723c751e8b465ee728b)
Start importing Assets/Scenes/Scene2_Game/Lightmap-9_comp_light.exr using Guid(b139b6a964460c3448756eb87498f5d5) Importer(815301076,1909f56bfc062723c751e8b465ee728b)  -> (artifact id: 'b64bc13dc3ac47dd72444333b0c02e16') in 0.019125 seconds 
========================================================================
Received Import Request.
  Time since last request: 0.000191 seconds.
  path: Assets/Scenes/Scene2_Game/Lightmap-2_comp_dir.png
  artifactKey: Guid(4d77153ca1d14514585d9df48ce674c2) Importer(815301076,1909f56bfc062723c751e8b465ee728b)
Start importing Assets/Scenes/Scene2_Game/Lightmap-2_comp_dir.png using Guid(4d77153ca1d14514585d9df48ce674c2) Importer(815301076,1909f56bfc062723c751e8b465ee728b)  -> (artifact id: '016243d6f7ba70ed4a6fd6762193d05f') in 0.021601 seconds 
========================================================================
Received Import Request.
  Time since last request: 0.000219 seconds.
  path: Assets/Scenes/Scene2_Game/Lightmap-10_comp_light.exr
  artifactKey: Guid(90eadd555513dce459162e7cfad54856) Importer(815301076,1909f56bfc062723c751e8b465ee728b)
Start importing Assets/Scenes/Scene2_Game/Lightmap-10_comp_light.exr using Guid(90eadd555513dce459162e7cfad54856) Importer(815301076,1909f56bfc062723c751e8b465ee728b)  -> (artifact id: 'eb1ed455a30f9ec59140678d10356db5') in 0.019887 seconds 
========================================================================
Received Import Request.
  Time since last request: 0.000197 seconds.
  path: Assets/Scenes/Scene2_Game/Lightmap-1_comp_light.exr
  artifactKey: Guid(96562f3f60bf5cb4988de3d8ef221c69) Importer(815301076,1909f56bfc062723c751e8b465ee728b)
Start importing Assets/Scenes/Scene2_Game/Lightmap-1_comp_light.exr using Guid(96562f3f60bf5cb4988de3d8ef221c69) Importer(815301076,1909f56bfc062723c751e8b465ee728b)  -> (artifact id: '5a20be65fd8cfc069067c252f14a3eed') in 0.020560 seconds 
========================================================================
Received Import Request.
  Time since last request: 0.000210 seconds.
  path: Assets/Scenes/Scene2_Game/Lightmap-2_comp_shadowmask.png
  artifactKey: Guid(fca81b2c3b394ff48ae677999a3839a8) Importer(815301076,1909f56bfc062723c751e8b465ee728b)
Start importing Assets/Scenes/Scene2_Game/Lightmap-2_comp_shadowmask.png using Guid(fca81b2c3b394ff48ae677999a3839a8) Importer(815301076,1909f56bfc062723c751e8b465ee728b)  -> (artifact id: 'a986bbcd1b69c45b43755926f4747301') in 0.022301 seconds 
========================================================================
Received Import Request.
  Time since last request: 0.000177 seconds.
  path: Assets/Scenes/Scene2_Game/Lightmap-0_comp_dir.png
  artifactKey: Guid(a530db584695f3744a67d1b61922d9b1) Importer(815301076,1909f56bfc062723c751e8b465ee728b)
Start importing Assets/Scenes/Scene2_Game/Lightmap-0_comp_dir.png using Guid(a530db584695f3744a67d1b61922d9b1) Importer(815301076,1909f56bfc062723c751e8b465ee728b)  -> (artifact id: 'ab0322d16e119641428ba93e18341a86') in 0.016971 seconds 
========================================================================
Received Import Request.
  Time since last request: 0.000172 seconds.
  path: Assets/Scenes/Scene2_Game/Lightmap-11_comp_shadowmask.png
  artifactKey: Guid(d0dbe23a3a00de641b87009f9c4f07f3) Importer(815301076,1909f56bfc062723c751e8b465ee728b)
Start importing Assets/Scenes/Scene2_Game/Lightmap-11_comp_shadowmask.png using Guid(d0dbe23a3a00de641b87009f9c4f07f3) Importer(815301076,1909f56bfc062723c751e8b465ee728b)  -> (artifact id: '4d2480b8814e330a69d4df28a32f6d05') in 0.027409 seconds 
========================================================================
Received Import Request.
  Time since last request: 0.000191 seconds.
  path: Assets/Scenes/Scene2_Game/Lightmap-9_comp_dir.png
  artifactKey: Guid(a278ae5a05b7fc547af39dd89e567a36) Importer(815301076,1909f56bfc062723c751e8b465ee728b)
Start importing Assets/Scenes/Scene2_Game/Lightmap-9_comp_dir.png using Guid(a278ae5a05b7fc547af39dd89e567a36) Importer(815301076,1909f56bfc062723c751e8b465ee728b)  -> (artifact id: 'bd5769ace3ed9236b14ab2a7d4ec40fb') in 0.018951 seconds 
========================================================================
Received Import Request.
  Time since last request: 0.000173 seconds.
  path: Assets/Scenes/Scene2_Game/Lightmap-15_comp_dir.png
  artifactKey: Guid(3acef583543d77849ab0d418aa654dee) Importer(815301076,1909f56bfc062723c751e8b465ee728b)
Start importing Assets/Scenes/Scene2_Game/Lightmap-15_comp_dir.png using Guid(3acef583543d77849ab0d418aa654dee) Importer(815301076,1909f56bfc062723c751e8b465ee728b)  -> (artifact id: 'adbfcb26e21a7c02e7b66d2e05ad635d') in 0.021059 seconds 
========================================================================
Received Import Request.
  Time since last request: 0.000276 seconds.
  path: Assets/Scenes/Scene2_Game/Lightmap-16_comp_shadowmask.png
  artifactKey: Guid(1f498e9db59ce0f47a0020f10e4c5153) Importer(815301076,1909f56bfc062723c751e8b465ee728b)
Start importing Assets/Scenes/Scene2_Game/Lightmap-16_comp_shadowmask.png using Guid(1f498e9db59ce0f47a0020f10e4c5153) Importer(815301076,1909f56bfc062723c751e8b465ee728b)  -> (artifact id: 'fd63965b50fba148e09809d7de8f4b12') in 0.022998 seconds 
========================================================================
Received Import Request.
  Time since last request: 0.000218 seconds.
  path: Assets/Scenes/Scene2_Game/Lightmap-17_comp_light.exr
  artifactKey: Guid(40b83031dd5240b44a6391ae82f36e88) Importer(815301076,1909f56bfc062723c751e8b465ee728b)
Start importing Assets/Scenes/Scene2_Game/Lightmap-17_comp_light.exr using Guid(40b83031dd5240b44a6391ae82f36e88) Importer(815301076,1909f56bfc062723c751e8b465ee728b)  -> (artifact id: '0a0435305364b6bd1686f135bfe296cc') in 0.021381 seconds 
========================================================================
Received Import Request.
  Time since last request: 0.000282 seconds.
  path: Assets/Scenes/Scene2_Game/Lightmap-14_comp_dir.png
  artifactKey: Guid(92515bb6cdbd0194d964a1b200064748) Importer(815301076,1909f56bfc062723c751e8b465ee728b)
Start importing Assets/Scenes/Scene2_Game/Lightmap-14_comp_dir.png using Guid(92515bb6cdbd0194d964a1b200064748) Importer(815301076,1909f56bfc062723c751e8b465ee728b)  -> (artifact id: '15aab8a4836bc4ff4b4644f3180c4240') in 0.023241 seconds 
========================================================================
Received Import Request.
  Time since last request: 0.000195 seconds.
  path: Assets/Scenes/Scene2_Game/Lightmap-12_comp_light.exr
  artifactKey: Guid(65616026657804f4391b783d3c08a2b5) Importer(815301076,1909f56bfc062723c751e8b465ee728b)
Start importing Assets/Scenes/Scene2_Game/Lightmap-12_comp_light.exr using Guid(65616026657804f4391b783d3c08a2b5) Importer(815301076,1909f56bfc062723c751e8b465ee728b)  -> (artifact id: '31a768f4b0eeaa44a6f537b69f6f1f20') in 0.019494 seconds 
========================================================================
Received Import Request.
  Time since last request: 0.000213 seconds.
  path: Assets/Scenes/Scene2_Game/Lightmap-15_comp_light.exr
  artifactKey: Guid(9f48e2bf92a5d5745928a118c1f39fc4) Importer(815301076,1909f56bfc062723c751e8b465ee728b)
Start importing Assets/Scenes/Scene2_Game/Lightmap-15_comp_light.exr using Guid(9f48e2bf92a5d5745928a118c1f39fc4) Importer(815301076,1909f56bfc062723c751e8b465ee728b)  -> (artifact id: '89d7e87212b5199919e98f179da1c303') in 0.071082 seconds 
========================================================================
Received Import Request.
  Time since last request: 0.000332 seconds.
  path: Assets/Scenes/Scene2_Game/Lightmap-12_comp_dir.png
  artifactKey: Guid(13006e82eaef25e418844636c4692157) Importer(815301076,1909f56bfc062723c751e8b465ee728b)
Start importing Assets/Scenes/Scene2_Game/Lightmap-12_comp_dir.png using Guid(13006e82eaef25e418844636c4692157) Importer(815301076,1909f56bfc062723c751e8b465ee728b)  -> (artifact id: 'a91dcf70ade914ab70ae406851926579') in 0.015940 seconds 
========================================================================
Received Import Request.
  Time since last request: 0.000244 seconds.
  path: Assets/Scenes/Scene2_Game/Lightmap-14_comp_shadowmask.png
  artifactKey: Guid(da02c950d18351842a9e0a05efd27a75) Importer(815301076,1909f56bfc062723c751e8b465ee728b)
Start importing Assets/Scenes/Scene2_Game/Lightmap-14_comp_shadowmask.png using Guid(da02c950d18351842a9e0a05efd27a75) Importer(815301076,1909f56bfc062723c751e8b465ee728b)  -> (artifact id: 'b782edb54b6131483873279278cad7c2') in 0.019167 seconds 
========================================================================
Received Import Request.
  Time since last request: 0.000191 seconds.
  path: Assets/Scenes/Scene2_Game/LightingData.asset
  artifactKey: Guid(c77876eb41b6c644787458c7ba51f492) Importer(815301076,1909f56bfc062723c751e8b465ee728b)
Start importing Assets/Scenes/Scene2_Game/LightingData.asset using Guid(c77876eb41b6c644787458c7ba51f492) Importer(815301076,1909f56bfc062723c751e8b465ee728b)  -> (artifact id: 'd71cae787536e0dd773f29b37761c442') in 0.007363 seconds 
========================================================================
Received Import Request.
  Time since last request: 0.000178 seconds.
  path: Assets/Scenes/Scene2_Game/Lightmap-11_comp_light.exr
  artifactKey: Guid(bf11b3febb42b0f459cd194f5ba64633) Importer(815301076,1909f56bfc062723c751e8b465ee728b)
Start importing Assets/Scenes/Scene2_Game/Lightmap-11_comp_light.exr using Guid(bf11b3febb42b0f459cd194f5ba64633) Importer(815301076,1909f56bfc062723c751e8b465ee728b)  -> (artifact id: '4c3f515110567c49f0e64401d65350ac') in 0.020464 seconds 
========================================================================
Received Import Request.
  Time since last request: 0.000221 seconds.
  path: Assets/Scenes/Scene2_Game/Lightmap-11_comp_dir.png
  artifactKey: Guid(9a327515d1cb6aa47ad7afe4b2d03b87) Importer(815301076,1909f56bfc062723c751e8b465ee728b)
Start importing Assets/Scenes/Scene2_Game/Lightmap-11_comp_dir.png using Guid(9a327515d1cb6aa47ad7afe4b2d03b87) Importer(815301076,1909f56bfc062723c751e8b465ee728b)  -> (artifact id: 'ba0f5557aeb40064237c9d2c10541d24') in 0.017021 seconds 
========================================================================
Received Import Request.
  Time since last request: 0.000251 seconds.
  path: Assets/Scenes/Scene2_Game/Lightmap-5_comp_dir.png
  artifactKey: Guid(32d8b454a54ac1e4d9e8b1d6141bcc19) Importer(815301076,1909f56bfc062723c751e8b465ee728b)
Start importing Assets/Scenes/Scene2_Game/Lightmap-5_comp_dir.png using Guid(32d8b454a54ac1e4d9e8b1d6141bcc19) Importer(815301076,1909f56bfc062723c751e8b465ee728b)  -> (artifact id: '4a068cc3814ca54f24fbc7bff7d1a90d') in 0.019471 seconds 
========================================================================
Received Import Request.
  Time since last request: 0.000230 seconds.
  path: Assets/Scenes/Scene2_Game/Lightmap-15_comp_shadowmask.png
  artifactKey: Guid(16f4282b6a01e394cab122a80dc5e9ca) Importer(815301076,1909f56bfc062723c751e8b465ee728b)
Start importing Assets/Scenes/Scene2_Game/Lightmap-15_comp_shadowmask.png using Guid(16f4282b6a01e394cab122a80dc5e9ca) Importer(815301076,1909f56bfc062723c751e8b465ee728b)  -> (artifact id: '8358564b58001bf306e9b05d100b9837') in 0.020547 seconds 
========================================================================
Received Import Request.
  Time since last request: 0.000291 seconds.
  path: Assets/Scenes/Scene2_Game/Lightmap-0_comp_shadowmask.png
  artifactKey: Guid(df675c18ab6e81c4eb5dc9b442fb934b) Importer(815301076,1909f56bfc062723c751e8b465ee728b)
Start importing Assets/Scenes/Scene2_Game/Lightmap-0_comp_shadowmask.png using Guid(df675c18ab6e81c4eb5dc9b442fb934b) Importer(815301076,1909f56bfc062723c751e8b465ee728b)  -> (artifact id: 'c839bc8975863dda432eab8bd33142fb') in 0.020458 seconds 
========================================================================
Received Import Request.
  Time since last request: 0.000338 seconds.
  path: Assets/Scenes/Scene2_Game/Lightmap-13_comp_dir.png
  artifactKey: Guid(057bf94b9e208e54e97f4241041de0df) Importer(815301076,1909f56bfc062723c751e8b465ee728b)
Start importing Assets/Scenes/Scene2_Game/Lightmap-13_comp_dir.png using Guid(057bf94b9e208e54e97f4241041de0df) Importer(815301076,1909f56bfc062723c751e8b465ee728b)  -> (artifact id: '0853141fdf3de41e39aa3f5030055937') in 0.016824 seconds 
========================================================================
Received Import Request.
  Time since last request: 0.000230 seconds.
  path: Assets/Scenes/Scene2_Game/Lightmap-7_comp_light.exr
  artifactKey: Guid(4147583b380a07d4f98e8d47f02d356c) Importer(815301076,1909f56bfc062723c751e8b465ee728b)
Start importing Assets/Scenes/Scene2_Game/Lightmap-7_comp_light.exr using Guid(4147583b380a07d4f98e8d47f02d356c) Importer(815301076,1909f56bfc062723c751e8b465ee728b)  -> (artifact id: '1615310aa158315a60e28d582d4d5608') in 0.027766 seconds 
========================================================================
Received Import Request.
  Time since last request: 0.000251 seconds.
  path: Assets/Scenes/Scene2_Game/Lightmap-2_comp_light.exr
  artifactKey: Guid(7b8e7d9ecfcbac644928b98b00719abe) Importer(815301076,1909f56bfc062723c751e8b465ee728b)
Start importing Assets/Scenes/Scene2_Game/Lightmap-2_comp_light.exr using Guid(7b8e7d9ecfcbac644928b98b00719abe) Importer(815301076,1909f56bfc062723c751e8b465ee728b)  -> (artifact id: '7f92ed4b589f3e7feeb6e70a1cb05f94') in 0.018095 seconds 
========================================================================
Received Import Request.
  Time since last request: 0.000229 seconds.
  path: Assets/Scenes/Scene2_Game/Lightmap-3_comp_light.exr
  artifactKey: Guid(af6ec34d70b460842a0cf45cc27114ba) Importer(815301076,1909f56bfc062723c751e8b465ee728b)
Start importing Assets/Scenes/Scene2_Game/Lightmap-3_comp_light.exr using Guid(af6ec34d70b460842a0cf45cc27114ba) Importer(815301076,1909f56bfc062723c751e8b465ee728b)  -> (artifact id: '3ff50548117b42eb8303f454bc25207e') in 0.017582 seconds 
========================================================================
Received Import Request.
  Time since last request: 0.000223 seconds.
  path: Assets/Scenes/Scene2_Game/Lightmap-1_comp_shadowmask.png
  artifactKey: Guid(62d608049d000a841be366cb6193efb2) Importer(815301076,1909f56bfc062723c751e8b465ee728b)
Start importing Assets/Scenes/Scene2_Game/Lightmap-1_comp_shadowmask.png using Guid(62d608049d000a841be366cb6193efb2) Importer(815301076,1909f56bfc062723c751e8b465ee728b)  -> (artifact id: 'e3e622560193825ae2d3d66b72710727') in 0.030463 seconds 
========================================================================
Received Import Request.
  Time since last request: 0.000237 seconds.
  path: Assets/Scenes/Scene2_Game/Lightmap-1_comp_dir.png
  artifactKey: Guid(c4df35690fd679b4ea745c240548c936) Importer(815301076,1909f56bfc062723c751e8b465ee728b)
Start importing Assets/Scenes/Scene2_Game/Lightmap-1_comp_dir.png using Guid(c4df35690fd679b4ea745c240548c936) Importer(815301076,1909f56bfc062723c751e8b465ee728b)  -> (artifact id: '8ac4b249e90607d99ee9eb8944f6b053') in 0.023832 seconds 
========================================================================
Received Import Request.
  Time since last request: 0.000226 seconds.
  path: Assets/Scenes/Scene2_Game/Lightmap-10_comp_shadowmask.png
  artifactKey: Guid(2a2450a2938787240a985ba72bfdd099) Importer(815301076,1909f56bfc062723c751e8b465ee728b)
Start importing Assets/Scenes/Scene2_Game/Lightmap-10_comp_shadowmask.png using Guid(2a2450a2938787240a985ba72bfdd099) Importer(815301076,1909f56bfc062723c751e8b465ee728b)  -> (artifact id: '468298d024c318fbeab53023513837f5') in 0.019487 seconds 
========================================================================
Received Import Request.
  Time since last request: 0.000276 seconds.
  path: Assets/Scenes/Scene2_Game/Lightmap-5_comp_light.exr
  artifactKey: Guid(0ad7a0643c166774ca82178013705da3) Importer(815301076,1909f56bfc062723c751e8b465ee728b)
Start importing Assets/Scenes/Scene2_Game/Lightmap-5_comp_light.exr using Guid(0ad7a0643c166774ca82178013705da3) Importer(815301076,1909f56bfc062723c751e8b465ee728b)  -> (artifact id: 'b23254d48b9a6df885297a574cd18adf') in 0.017444 seconds 
========================================================================
Received Import Request.
  Time since last request: 0.000216 seconds.
  path: Assets/Scenes/Scene2_Game/Lightmap-10_comp_dir.png
  artifactKey: Guid(e4ad9c15d24a6c048b1085afc073c712) Importer(815301076,1909f56bfc062723c751e8b465ee728b)
Start importing Assets/Scenes/Scene2_Game/Lightmap-10_comp_dir.png using Guid(e4ad9c15d24a6c048b1085afc073c712) Importer(815301076,1909f56bfc062723c751e8b465ee728b)  -> (artifact id: '5be7fc134194d23e635c9d87dff5a49b') in 0.017752 seconds 
========================================================================
Received Import Request.
  Time since last request: 0.000249 seconds.
  path: Assets/Scenes/Scene2_Game/Lightmap-8_comp_light.exr
  artifactKey: Guid(dcdfa6c25b8f14642b4747f91bdc1f90) Importer(815301076,1909f56bfc062723c751e8b465ee728b)
Start importing Assets/Scenes/Scene2_Game/Lightmap-8_comp_light.exr using Guid(dcdfa6c25b8f14642b4747f91bdc1f90) Importer(815301076,1909f56bfc062723c751e8b465ee728b)  -> (artifact id: '111f5cf08174e490b5b4f8727e5ac30b') in 0.017391 seconds 
========================================================================
Received Import Request.
  Time since last request: 0.000217 seconds.
  path: Assets/Scenes/Scene2_Game/Lightmap-14_comp_light.exr
  artifactKey: Guid(223b02252fae11541871686cc4005626) Importer(815301076,1909f56bfc062723c751e8b465ee728b)
Start importing Assets/Scenes/Scene2_Game/Lightmap-14_comp_light.exr using Guid(223b02252fae11541871686cc4005626) Importer(815301076,1909f56bfc062723c751e8b465ee728b)  -> (artifact id: 'feff92cf2b6e44742fc662e9bad8c74f') in 0.015089 seconds 
========================================================================
Received Import Request.
  Time since last request: 0.000242 seconds.
  path: Assets/Scenes/Scene2_Game/Lightmap-13_comp_light.exr
  artifactKey: Guid(89479656f803978488234e433762f429) Importer(815301076,1909f56bfc062723c751e8b465ee728b)
Start importing Assets/Scenes/Scene2_Game/Lightmap-13_comp_light.exr using Guid(89479656f803978488234e433762f429) Importer(815301076,1909f56bfc062723c751e8b465ee728b)  -> (artifact id: 'fbc593092dc7aff1a518788537189429') in 0.015230 seconds 
========================================================================
Received Import Request.
  Time since last request: 0.000173 seconds.
  path: Assets/Scenes/Scene2_Game/Lightmap-4_comp_dir.png
  artifactKey: Guid(745d24d458d1c4646910bd1b038976d6) Importer(815301076,1909f56bfc062723c751e8b465ee728b)
Start importing Assets/Scenes/Scene2_Game/Lightmap-4_comp_dir.png using Guid(745d24d458d1c4646910bd1b038976d6) Importer(815301076,1909f56bfc062723c751e8b465ee728b)  -> (artifact id: 'acfcb3fcbf389f7bb61713db3448922e') in 0.015879 seconds 
========================================================================
Received Import Request.
  Time since last request: 0.000191 seconds.
  path: Assets/Scenes/Scene2_Game/Lightmap-8_comp_dir.png
  artifactKey: Guid(24f9d6f337de7c7439e07ca2e2bc9237) Importer(815301076,1909f56bfc062723c751e8b465ee728b)
Start importing Assets/Scenes/Scene2_Game/Lightmap-8_comp_dir.png using Guid(24f9d6f337de7c7439e07ca2e2bc9237) Importer(815301076,1909f56bfc062723c751e8b465ee728b)  -> (artifact id: 'de5bf0bcd1c7573d81ec6e754896808e') in 0.017206 seconds 
========================================================================
Received Import Request.
  Time since last request: 0.000174 seconds.
  path: Assets/Scenes/Scene2_Game/Lightmap-7_comp_dir.png
  artifactKey: Guid(565b8f0176810344cb409bf2e601814e) Importer(815301076,1909f56bfc062723c751e8b465ee728b)
Start importing Assets/Scenes/Scene2_Game/Lightmap-7_comp_dir.png using Guid(565b8f0176810344cb409bf2e601814e) Importer(815301076,1909f56bfc062723c751e8b465ee728b)  -> (artifact id: 'd645f588893ac32f8abd6cc7cb7a51b9') in 0.014933 seconds 
========================================================================
Received Import Request.
  Time since last request: 0.000176 seconds.
  path: Assets/Scenes/Scene2_Game/Lightmap-17_comp_shadowmask.png
  artifactKey: Guid(d5905be5dd392d547b5f3b20e62877b4) Importer(815301076,1909f56bfc062723c751e8b465ee728b)
Start importing Assets/Scenes/Scene2_Game/Lightmap-17_comp_shadowmask.png using Guid(d5905be5dd392d547b5f3b20e62877b4) Importer(815301076,1909f56bfc062723c751e8b465ee728b)  -> (artifact id: 'd90b12bed5a1706df1f6c9bfa9bcbace') in 0.019886 seconds 
========================================================================
Received Import Request.
  Time since last request: 0.000245 seconds.
  path: Assets/Scenes/Scene2_Game/Lightmap-16_comp_light.exr
  artifactKey: Guid(1b22ff1639ee0594e9827af1054aa57b) Importer(815301076,1909f56bfc062723c751e8b465ee728b)
Start importing Assets/Scenes/Scene2_Game/Lightmap-16_comp_light.exr using Guid(1b22ff1639ee0594e9827af1054aa57b) Importer(815301076,1909f56bfc062723c751e8b465ee728b)  -> (artifact id: '6f2dcbd2b8e699c1e02f784ef3e7362f') in 0.014075 seconds 
========================================================================
Received Import Request.
  Time since last request: 0.000172 seconds.
  path: Assets/Scenes/Scene2_Game/Lightmap-9_comp_shadowmask.png
  artifactKey: Guid(ce1947aa395428a4596078c00e81e6b3) Importer(815301076,1909f56bfc062723c751e8b465ee728b)
Start importing Assets/Scenes/Scene2_Game/Lightmap-9_comp_shadowmask.png using Guid(ce1947aa395428a4596078c00e81e6b3) Importer(815301076,1909f56bfc062723c751e8b465ee728b)  -> (artifact id: '67602ef3e88747155fd217e3c1b5ac63') in 0.016665 seconds 
========================================================================
Received Import Request.
  Time since last request: 0.000190 seconds.
  path: Assets/Scenes/Scene2_Game/Lightmap-6_comp_light.exr
  artifactKey: Guid(9f850257006ce5141a305ecbab9af311) Importer(815301076,1909f56bfc062723c751e8b465ee728b)
Start importing Assets/Scenes/Scene2_Game/Lightmap-6_comp_light.exr using Guid(9f850257006ce5141a305ecbab9af311) Importer(815301076,1909f56bfc062723c751e8b465ee728b)  -> (artifact id: '8a23a9c8f0b52c8f0ee6ad1b9e3f06e5') in 0.014977 seconds 
========================================================================
Received Import Request.
  Time since last request: 0.000172 seconds.
  path: Assets/Scenes/Scene2_Game/Lightmap-4_comp_light.exr
  artifactKey: Guid(cd9f4ebef1afdef468114adb782d3b86) Importer(815301076,1909f56bfc062723c751e8b465ee728b)
Start importing Assets/Scenes/Scene2_Game/Lightmap-4_comp_light.exr using Guid(cd9f4ebef1afdef468114adb782d3b86) Importer(815301076,1909f56bfc062723c751e8b465ee728b)  -> (artifact id: '924b3836e71caaf706a9b62f17acab55') in 0.015901 seconds 
========================================================================
Received Import Request.
  Time since last request: 0.000230 seconds.
  path: Assets/Scenes/Scene2_Game/Lightmap-13_comp_shadowmask.png
  artifactKey: Guid(cc933933e7d56674385ec611d251ff00) Importer(815301076,1909f56bfc062723c751e8b465ee728b)
Start importing Assets/Scenes/Scene2_Game/Lightmap-13_comp_shadowmask.png using Guid(cc933933e7d56674385ec611d251ff00) Importer(815301076,1909f56bfc062723c751e8b465ee728b)  -> (artifact id: 'f323c820a8d4a9faf01862a23c74979b') in 0.016456 seconds 
========================================================================
Received Import Request.
  Time since last request: 0.000173 seconds.
  path: Assets/Scenes/Scene2_Game/Lightmap-7_comp_shadowmask.png
  artifactKey: Guid(e697df296daec494e923d4a33e5f0622) Importer(815301076,1909f56bfc062723c751e8b465ee728b)
Start importing Assets/Scenes/Scene2_Game/Lightmap-7_comp_shadowmask.png using Guid(e697df296daec494e923d4a33e5f0622) Importer(815301076,1909f56bfc062723c751e8b465ee728b)  -> (artifact id: 'b3351dad8b81d2d24419559d81d30a8f') in 0.020870 seconds 
========================================================================
Received Import Request.
  Time since last request: 0.000193 seconds.
  path: Assets/Scenes/Scene2_Game/Lightmap-17_comp_dir.png
  artifactKey: Guid(8e8c789e057dbbe46ad8f4abb9f17cd1) Importer(815301076,1909f56bfc062723c751e8b465ee728b)
Start importing Assets/Scenes/Scene2_Game/Lightmap-17_comp_dir.png using Guid(8e8c789e057dbbe46ad8f4abb9f17cd1) Importer(815301076,1909f56bfc062723c751e8b465ee728b)  -> (artifact id: '0ebc314833a351e7f5bc6d560c162e16') in 0.014260 seconds 
========================================================================
Received Import Request.
  Time since last request: 0.000181 seconds.
  path: Assets/Scenes/Scene2_Game/Lightmap-5_comp_shadowmask.png
  artifactKey: Guid(09dbd0a08e84eb54586f0ad7d710fa00) Importer(815301076,1909f56bfc062723c751e8b465ee728b)
Start importing Assets/Scenes/Scene2_Game/Lightmap-5_comp_shadowmask.png using Guid(09dbd0a08e84eb54586f0ad7d710fa00) Importer(815301076,1909f56bfc062723c751e8b465ee728b)  -> (artifact id: '61697e54e99765d2ef6785b20c22bcb2') in 0.017320 seconds 
========================================================================
Received Import Request.
  Time since last request: 0.000161 seconds.
  path: Assets/Scenes/Scene2_Game/Lightmap-3_comp_dir.png
  artifactKey: Guid(2df83d4d733e65b4cac5cdcdcacd01fa) Importer(815301076,1909f56bfc062723c751e8b465ee728b)
Start importing Assets/Scenes/Scene2_Game/Lightmap-3_comp_dir.png using Guid(2df83d4d733e65b4cac5cdcdcacd01fa) Importer(815301076,1909f56bfc062723c751e8b465ee728b)  -> (artifact id: 'cbe6bb7620e93af18dcf883618bd67ad') in 0.014149 seconds 
========================================================================
Received Import Request.
  Time since last request: 1139.566627 seconds.
  path: Assets/Scripts/Buttons.cs
  artifactKey: Guid(eb5c9c9ab8c9674468efe270873ff04c) Importer(815301076,1909f56bfc062723c751e8b465ee728b)
Start importing Assets/Scripts/Buttons.cs using Guid(eb5c9c9ab8c9674468efe270873ff04c) Importer(815301076,1909f56bfc062723c751e8b465ee728b)  -> (artifact id: '60a866face2fae954bf1929c07b6c0cb') in 0.026006 seconds 
========================================================================
Received Prepare
Registering precompiled user dll's ...
Registered in 0.007154 seconds.
Begin MonoManager ReloadAssembly
Native extension for WindowsStandalone target not found
Refreshing native plugins compatible for Editor in 1.51 ms, found 2 plugins.
Preloading 0 native plugins for Editor in 0.00 ms.
Mono: successfully reloaded assembly
- Completed reload, in 14.128 seconds
Domain Reload Profiling:
	ReloadAssembly (14130ms)
		BeginReloadAssembly (296ms)
			ExecutionOrderSort (0ms)
			DisableScriptedObjects (13ms)
			BackupInstance (0ms)
			ReleaseScriptingObjects (0ms)
			CreateAndSetChildDomain (109ms)
		EndReloadAssembly (13705ms)
			LoadAssemblies (237ms)
			RebuildTransferFunctionScriptingTraits (0ms)
			SetupTypeCache (4069ms)
			ReleaseScriptCaches (3ms)
			RebuildScriptCaches (79ms)
			SetupLoadedEditorAssemblies (9082ms)
				LogAssemblyErrors (0ms)
				InitializePlatformSupportModulesInManaged (12ms)
				SetLoadedEditorAssemblies (1ms)
				RefreshPlugins (2ms)
				BeforeProcessingInitializeOnLoad (246ms)
				ProcessInitializeOnLoadAttributes (8796ms)
				ProcessInitializeOnLoadMethodAttributes (21ms)
				AfterProcessingInitializeOnLoad (4ms)
				EditorAssembliesLoaded (0ms)
			ExecutionOrderSort2 (0ms)
			AwakeInstancesAfterBackupRestoration (7ms)
Platform modules already initialized, skipping
Refreshing native plugins compatible for Editor in 31.90 ms, found 2 plugins.
Preloading 0 native plugins for Editor in 0.00 ms.
Unloading 3383 Unused Serialized files (Serialized files now loaded: 0)
System memory in use before: 168.8 MB.
System memory in use after: 169.0 MB.

Unloading 15 unused Assets to reduce memory usage. Loaded Objects now: 4065.
Total: 8.683100 ms (FindLiveObjects: 0.760100 ms CreateObjectMapping: 0.330300 ms MarkObjects: 7.247800 ms  DeleteObjects: 0.342500 ms)

AssetImportParameters requested are different than current active one (requested -> active):
  custom:framework-win-MediaFoundation: 216162199b28c13a410421893ffa2e32 -> 
  custom:video-decoder-ogg-theora: a1e56fd34408186e4bbccfd4996cb3dc -> 
  custom:container-muxer-webm: aa71ff27fc2769a1b78a27578f13a17b -> 
  custom:container-demuxer-webm: 4f35f7cbe854078d1ac9338744f61a02 -> 
  custom:container-demuxer-ogg: 62fdf1f143b41e24485cea50d1cbac27 -> 
  custom:video-encoder-webm-vp8: eb34c28f22e8b96e1ab97ce403110664 -> 
  custom:video-decoder-webm-vp8: 9c59270c3fd7afecdb556c50c9e8de78 -> 
  custom:audio-decoder-ogg-vorbis: bf7c407c2cedff20999df2af8eb42d56 -> 
  custom:audio-encoder-webm-vorbis: bf7c407c2cedff20999df2af8eb42d56 -> 
========================================================================
Received Import Request.
  Time since last request: 610.730575 seconds.
  path: Assets/Scripts/Buttons.cs
  artifactKey: Guid(eb5c9c9ab8c9674468efe270873ff04c) Importer(815301076,1909f56bfc062723c751e8b465ee728b)
Start importing Assets/Scripts/Buttons.cs using Guid(eb5c9c9ab8c9674468efe270873ff04c) Importer(815301076,1909f56bfc062723c751e8b465ee728b)  -> (artifact id: '77aca2e4879c5e21a4ac8fb03e68ef04') in 0.026217 seconds 
========================================================================
Received Import Request.
  Time since last request: 21.702562 seconds.
  path: Assets/Scripts/Buttons.cs
  artifactKey: Guid(eb5c9c9ab8c9674468efe270873ff04c) Importer(815301076,1909f56bfc062723c751e8b465ee728b)
Start importing Assets/Scripts/Buttons.cs using Guid(eb5c9c9ab8c9674468efe270873ff04c) Importer(815301076,1909f56bfc062723c751e8b465ee728b)  -> (artifact id: '94c0c3587535760611a27541a8a30d44') in 0.004327 seconds 
========================================================================
Received Prepare
Registering precompiled user dll's ...
Registered in 0.032989 seconds.
Begin MonoManager ReloadAssembly
Native extension for WindowsStandalone target not found
Refreshing native plugins compatible for Editor in 0.71 ms, found 2 plugins.
Preloading 0 native plugins for Editor in 0.00 ms.
Mono: successfully reloaded assembly
- Completed reload, in  3.215 seconds
Domain Reload Profiling:
	ReloadAssembly (3216ms)
		BeginReloadAssembly (212ms)
			ExecutionOrderSort (0ms)
			DisableScriptedObjects (5ms)
			BackupInstance (0ms)
			ReleaseScriptingObjects (0ms)
			CreateAndSetChildDomain (83ms)
		EndReloadAssembly (2896ms)
			LoadAssemblies (235ms)
			RebuildTransferFunctionScriptingTraits (0ms)
			SetupTypeCache (808ms)
			ReleaseScriptCaches (4ms)
			RebuildScriptCaches (130ms)
			SetupLoadedEditorAssemblies (1444ms)
				LogAssemblyErrors (0ms)
				InitializePlatformSupportModulesInManaged (4ms)
				SetLoadedEditorAssemblies (1ms)
				RefreshPlugins (1ms)
				BeforeProcessingInitializeOnLoad (140ms)
				ProcessInitializeOnLoadAttributes (1277ms)
				ProcessInitializeOnLoadMethodAttributes (18ms)
				AfterProcessingInitializeOnLoad (3ms)
				EditorAssembliesLoaded (0ms)
			ExecutionOrderSort2 (0ms)
			AwakeInstancesAfterBackupRestoration (10ms)
Platform modules already initialized, skipping
Refreshing native plugins compatible for Editor in 0.68 ms, found 2 plugins.
Preloading 0 native plugins for Editor in 0.00 ms.
Unloading 3383 Unused Serialized files (Serialized files now loaded: 0)
System memory in use before: 168.9 MB.
System memory in use after: 169.0 MB.

Unloading 15 unused Assets to reduce memory usage. Loaded Objects now: 4068.
Total: 7.033900 ms (FindLiveObjects: 2.684900 ms CreateObjectMapping: 0.303700 ms MarkObjects: 3.891100 ms  DeleteObjects: 0.153100 ms)

AssetImportParameters requested are different than current active one (requested -> active):
  custom:framework-win-MediaFoundation: 216162199b28c13a410421893ffa2e32 -> 
  custom:video-decoder-ogg-theora: a1e56fd34408186e4bbccfd4996cb3dc -> 
  custom:container-muxer-webm: aa71ff27fc2769a1b78a27578f13a17b -> 
  custom:container-demuxer-webm: 4f35f7cbe854078d1ac9338744f61a02 -> 
  custom:container-demuxer-ogg: 62fdf1f143b41e24485cea50d1cbac27 -> 
  custom:video-encoder-webm-vp8: eb34c28f22e8b96e1ab97ce403110664 -> 
  custom:video-decoder-webm-vp8: 9c59270c3fd7afecdb556c50c9e8de78 -> 
  custom:audio-decoder-ogg-vorbis: bf7c407c2cedff20999df2af8eb42d56 -> 
  custom:audio-encoder-webm-vorbis: bf7c407c2cedff20999df2af8eb42d56 -> 
========================================================================
Received Import Request.
  Time since last request: 640.432414 seconds.
  path: Assets/Scripts/PlayerController.cs
  artifactKey: Guid(48b2e8031534a6f44a24224309e425e0) Importer(815301076,1909f56bfc062723c751e8b465ee728b)
Start importing Assets/Scripts/PlayerController.cs using Guid(48b2e8031534a6f44a24224309e425e0) Importer(815301076,1909f56bfc062723c751e8b465ee728b)  -> (artifact id: 'ecd3fc01725121fa8b55926969c8adbe') in 0.009644 seconds 
AssetImportWorkerClient::OnTransportError - code=2 error=End of file
